<?xml version="1.0" encoding="UTF-8"?>
<!-- Generated by org.testng.reporters.JUnitXMLReporter -->
<testsuite ignored="0" hostname="DESKTOP-9VJLSCD" failures="0" tests="1" name="Default test" time="21.397" errors="0" timestamp="04 Nov 2022 11:27:17 GMT">
  <testcase classname="com.testclasses.HomePageRediffTest" name="@BeforeTest invokbrowser" time="21.247">
    <failure type="org.openqa.selenium.WebDriverException" message="disconnected: received Inspector.detached event
  (failed to check if window was closed: disconnected: unable to connect to renderer)
  (Session info: chrome=107.0.5304.88)
Build info: version: &amp;apos;3.141.59&amp;apos;, revision: &amp;apos;e82be7d358&amp;apos;, time: &amp;apos;2018-11-14T08:17:03&amp;apos;
System info: host: &amp;apos;DESKTOP-9VJLSCD&amp;apos;, ip: &amp;apos;192.168.43.236&amp;apos;, os.name: &amp;apos;Windows 10&amp;apos;, os.arch: &amp;apos;amd64&amp;apos;, os.version: &amp;apos;10.0&amp;apos;, java.version: &amp;apos;17.0.3&amp;apos;
Driver info: driver.version: ChromeDriver
remote stacktrace: Backtrace:
	Ordinal0 [0x0090ACD3+2075859]
	Ordinal0 [0x0089EE61+1633889]
	Ordinal0 [0x0079B7BD+571325]
	Ordinal0 [0x0078F289+520841]
	Ordinal0 [0x0078EEFB+519931]
	Ordinal0 [0x0078E2EB+516843]
	Ordinal0 [0x0078E231+516657]
	Ordinal0 [0x0078D0A3+512163]
	Ordinal0 [0x0078D5AD+513453]
	Ordinal0 [0x0078CCB5+511157]
	Ordinal0 [0x00797113+553235]
	Ordinal0 [0x0078CC65+511077]
	Ordinal0 [0x0078DEA6+515750]
	Ordinal0 [0x0078D0A3+512163]
	Ordinal0 [0x0078D5AD+513453]
	Ordinal0 [0x0078CCB5+511157]
	Ordinal0 [0x00794C48+543816]
	Ordinal0 [0x0078CC65+511077]
	Ordinal0 [0x0078DEA6+515750]
	Ordinal0 [0x0078D0A3+512163]
	Ordinal0 [0x0078D5AD+513453]
	Ordinal0 [0x0078CCB5+511157]
	Ordinal0 [0x00792862+534626]
	Ordinal0 [0x0078CC65+511077]
	Ordinal0 [0x0078DEA6+515750]
	Ordinal0 [0x0078D0A3+512163]
	Ordinal0 [0x0078D5AD+513453]
	Ordinal0 [0x0078CCB5+511157]
	Ordinal0 [0x00787F2D+491309]
	Ordinal0 [0x0078CC65+511077]
	Ordinal0 [0x0078C42D+508973]
	Ordinal0 [0x0078C11F+508191]
	Ordinal0 [0x0079CC53+576595]
	Ordinal0 [0x007820E7+467175]
	Ordinal0 [0x0078129B+463515]
	Ordinal0 [0x007EDD7C+908668]
	Ordinal0 [0x007ED6AA+906922]
	Ordinal0 [0x007E7136+880950]
	Ordinal0 [0x007BFEFD+720637]
	Ordinal0 [0x007C0F3F+724799]
	GetHandleVerifier [0x00BBEED2+2769538]
	GetHandleVerifier [0x00BB0D95+2711877]
	GetHandleVerifier [0x0099A03A+521194]
	GetHandleVerifier [0x00998DA0+516432]
	Ordinal0 [0x008A682C+1665068]
	Ordinal0 [0x008AB128+1683752]
	Ordinal0 [0x008AB215+1683989]
	Ordinal0 [0x008B6484+1729668]
	BaseThreadInitThunk [0x77B9FA29+25]
	RtlGetAppContainerNamedObjectPath [0x77D07BBE+286]
	RtlGetAppContainerNamedObjectPath [0x77D07B8E+238]
">
      <![CDATA[org.openqa.selenium.WebDriverException: disconnected: received Inspector.detached event
  (failed to check if window was closed: disconnected: unable to connect to renderer)
  (Session info: chrome=107.0.5304.88)
Build info: version: '3.141.59', revision: 'e82be7d358', time: '2018-11-14T08:17:03'
System info: host: 'DESKTOP-9VJLSCD', ip: '192.168.43.236', os.name: 'Windows 10', os.arch: 'amd64', os.version: '10.0', java.version: '17.0.3'
Driver info: driver.version: ChromeDriver
remote stacktrace: Backtrace:
Ordinal0 [0x0090ACD3+2075859]
Ordinal0 [0x0089EE61+1633889]
Ordinal0 [0x0079B7BD+571325]
Ordinal0 [0x0078F289+520841]
Ordinal0 [0x0078EEFB+519931]
Ordinal0 [0x0078E2EB+516843]
Ordinal0 [0x0078E231+516657]
Ordinal0 [0x0078D0A3+512163]
Ordinal0 [0x0078D5AD+513453]
Ordinal0 [0x0078CCB5+511157]
Ordinal0 [0x00797113+553235]
Ordinal0 [0x0078CC65+511077]
Ordinal0 [0x0078DEA6+515750]
Ordinal0 [0x0078D0A3+512163]
Ordinal0 [0x0078D5AD+513453]
Ordinal0 [0x0078CCB5+511157]
Ordinal0 [0x00794C48+543816]
Ordinal0 [0x0078CC65+511077]
Ordinal0 [0x0078DEA6+515750]
Ordinal0 [0x0078D0A3+512163]
Ordinal0 [0x0078D5AD+513453]
Ordinal0 [0x0078CCB5+511157]
Ordinal0 [0x00792862+534626]
Ordinal0 [0x0078CC65+511077]
Ordinal0 [0x0078DEA6+515750]
Ordinal0 [0x0078D0A3+512163]
Ordinal0 [0x0078D5AD+513453]
Ordinal0 [0x0078CCB5+511157]
Ordinal0 [0x00787F2D+491309]
Ordinal0 [0x0078CC65+511077]
Ordinal0 [0x0078C42D+508973]
Ordinal0 [0x0078C11F+508191]
Ordinal0 [0x0079CC53+576595]
Ordinal0 [0x007820E7+467175]
Ordinal0 [0x0078129B+463515]
Ordinal0 [0x007EDD7C+908668]
Ordinal0 [0x007ED6AA+906922]
Ordinal0 [0x007E7136+880950]
Ordinal0 [0x007BFEFD+720637]
Ordinal0 [0x007C0F3F+724799]
GetHandleVerifier [0x00BBEED2+2769538]
GetHandleVerifier [0x00BB0D95+2711877]
GetHandleVerifier [0x0099A03A+521194]
GetHandleVerifier [0x00998DA0+516432]
Ordinal0 [0x008A682C+1665068]
Ordinal0 [0x008AB128+1683752]
Ordinal0 [0x008AB215+1683989]
Ordinal0 [0x008B6484+1729668]
BaseThreadInitThunk [0x77B9FA29+25]
RtlGetAppContainerNamedObjectPath [0x77D07BBE+286]
RtlGetAppContainerNamedObjectPath [0x77D07B8E+238]

at java.base/jdk.internal.reflect.NativeConstructorAccessorImpl.newInstance0(Native Method)
at java.base/jdk.internal.reflect.NativeConstructorAccessorImpl.newInstance(NativeConstructorAccessorImpl.java:77)
at java.base/jdk.internal.reflect.DelegatingConstructorAccessorImpl.newInstance(DelegatingConstructorAccessorImpl.java:45)
at java.base/java.lang.reflect.Constructor.newInstanceWithCaller(Constructor.java:499)
at java.base/java.lang.reflect.Constructor.newInstance(Constructor.java:480)
at org.openqa.selenium.remote.W3CHandshakeResponse.lambda$errorHandler$0(W3CHandshakeResponse.java:62)
at org.openqa.selenium.remote.HandshakeResponse.lambda$getResponseFunction$0(HandshakeResponse.java:30)
at org.openqa.selenium.remote.ProtocolHandshake.lambda$createSession$0(ProtocolHandshake.java:126)
at java.base/java.util.stream.ReferencePipeline$3$1.accept(ReferencePipeline.java:197)
at java.base/java.util.Spliterators$ArraySpliterator.tryAdvance(Spliterators.java:1002)
at java.base/java.util.stream.ReferencePipeline.forEachWithCancel(ReferencePipeline.java:129)
at java.base/java.util.stream.AbstractPipeline.copyIntoWithCancel(AbstractPipeline.java:527)
at java.base/java.util.stream.AbstractPipeline.copyInto(AbstractPipeline.java:513)
at java.base/java.util.stream.AbstractPipeline.wrapAndCopyInto(AbstractPipeline.java:499)
at java.base/java.util.stream.FindOps$FindOp.evaluateSequential(FindOps.java:150)
at java.base/java.util.stream.AbstractPipeline.evaluate(AbstractPipeline.java:234)
at java.base/java.util.stream.ReferencePipeline.findFirst(ReferencePipeline.java:647)
at org.openqa.selenium.remote.ProtocolHandshake.createSession(ProtocolHandshake.java:128)
at org.openqa.selenium.remote.ProtocolHandshake.createSession(ProtocolHandshake.java:74)
at org.openqa.selenium.remote.HttpCommandExecutor.execute(HttpCommandExecutor.java:136)
at org.openqa.selenium.remote.service.DriverCommandExecutor.execute(DriverCommandExecutor.java:83)
at org.openqa.selenium.remote.RemoteWebDriver.execute(RemoteWebDriver.java:552)
at org.openqa.selenium.remote.RemoteWebDriver.startSession(RemoteWebDriver.java:213)
at org.openqa.selenium.remote.RemoteWebDriver.<init>(RemoteWebDriver.java:131)
at org.openqa.selenium.chrome.ChromeDriver.<init>(ChromeDriver.java:181)
at org.openqa.selenium.chrome.ChromeDriver.<init>(ChromeDriver.java:168)
at org.openqa.selenium.chrome.ChromeDriver.<init>(ChromeDriver.java:123)
at main.java.resources.Base.initializeDriver(Base.java:44)
at com.testclasses.HomePageRediffTest.invokbrowser(HomePageRediffTest.java:25)
at java.base/jdk.internal.reflect.NativeMethodAccessorImpl.invoke0(Native Method)
at java.base/jdk.internal.reflect.NativeMethodAccessorImpl.invoke(NativeMethodAccessorImpl.java:77)
at java.base/jdk.internal.reflect.DelegatingMethodAccessorImpl.invoke(DelegatingMethodAccessorImpl.java:43)
at java.base/java.lang.reflect.Method.invoke(Method.java:568)
at org.testng.internal.MethodInvocationHelper.invokeMethod(MethodInvocationHelper.java:124)
at org.testng.internal.MethodInvocationHelper.invokeMethodConsideringTimeout(MethodInvocationHelper.java:59)
at org.testng.internal.Invoker.invokeConfigurationMethod(Invoker.java:458)
at org.testng.internal.Invoker.invokeConfigurations(Invoker.java:222)
at org.testng.internal.Invoker.invokeConfigurations(Invoker.java:142)
at org.testng.TestRunner.beforeRun(TestRunner.java:529)
at org.testng.TestRunner.run(TestRunner.java:497)
at org.testng.SuiteRunner.runTest(SuiteRunner.java:455)
at org.testng.SuiteRunner.runSequentially(SuiteRunner.java:450)
at org.testng.SuiteRunner.privateRun(SuiteRunner.java:415)
at org.testng.SuiteRunner.run(SuiteRunner.java:364)
at org.testng.SuiteRunnerWorker.runSuite(SuiteRunnerWorker.java:52)
at org.testng.SuiteRunnerWorker.run(SuiteRunnerWorker.java:84)
at org.testng.TestNG.runSuitesSequentially(TestNG.java:1208)
at org.testng.TestNG.runSuitesLocally(TestNG.java:1137)
at org.testng.TestNG.runSuites(TestNG.java:1049)
at org.testng.TestNG.run(TestNG.java:1017)
at org.testng.remote.AbstractRemoteTestNG.run(AbstractRemoteTestNG.java:115)
at org.testng.remote.RemoteTestNG.initAndRun(RemoteTestNG.java:251)
at org.testng.remote.RemoteTestNG.main(RemoteTestNG.java:77)
]]>
    </failure>
  </testcase> <!-- @BeforeTest invokbrowser -->
  <testcase classname="com.testclasses.HomePageRediffTest" name="@AfterTest tearDown" time="0.0">
    <skipped/>
  </testcase> <!-- @AfterTest tearDown -->
  <testcase classname="com.testclasses.HomePageRediffTest" name="logIn" time="0.0">
    <skipped/>
  </testcase> <!-- logIn -->
</testsuite> <!-- Default test -->
