<html>
<head>
<title>TestNG:  Default test</title>
<link href="../testng.css" rel="stylesheet" type="text/css" />
<link href="../my-testng.css" rel="stylesheet" type="text/css" />

<style type="text/css">
.log { display: none;} 
.stack-trace { display: none;} 
</style>
<script type="text/javascript">
<!--
function flip(e) {
  current = e.style.display;
  if (current == 'block') {
    e.style.display = 'none';
    return 0;
  }
  else {
    e.style.display = 'block';
    return 1;
  }
}

function toggleBox(szDivId, elem, msg1, msg2)
{
  var res = -1;  if (document.getElementById) {
    res = flip(document.getElementById(szDivId));
  }
  else if (document.all) {
    // this is the way old msie versions work
    res = flip(document.all[szDivId]);
  }
  if(elem) {
    if(res == 0) elem.innerHTML = msg1; else elem.innerHTML = msg2;
  }

}

function toggleAllBoxes() {
  if (document.getElementsByTagName) {
    d = document.getElementsByTagName('div');
    for (i = 0; i < d.length; i++) {
      if (d[i].className == 'log') {
        flip(d[i]);
      }
    }
  }
}

// -->
</script>

</head>
<body>
<h2 align='center'>Default test</h2><table border='1' align="center">
<tr>
<td>Tests passed/Failed/Skipped:</td><td>0/0/1</td>
</tr><tr>
<td>Started on:</td><td>Fri Nov 04 16:56:56 IST 2022</td>
</tr>
<tr><td>Total time:</td><td>21 seconds (21397 ms)</td>
</tr><tr>
<td>Included groups:</td><td></td>
</tr><tr>
<td>Excluded groups:</td><td></td>
</tr>
</table><p/>
<small><i>(Hover the method name to see the test class name)</i></small><p/>
<table width='100%' border='1' class='invocation-failed'>
<tr><td colspan='4' align='center'><b>FAILED CONFIGURATIONS</b></td></tr>
<tr><td><b>Test method</b></td>
<td width="30%"><b>Exception</b></td>
<td width="10%"><b>Time (seconds)</b></td>
<td><b>Instance</b></td>
</tr>
<tr>
<td title='com.testclasses.HomePageRediffTest.invokbrowser()'><b>invokbrowser</b><br>Test class: com.testclasses.HomePageRediffTest</td>
<td><div><pre>org.openqa.selenium.WebDriverException: disconnected: received Inspector.detached event
  (failed to check if window was closed: disconnected: unable to connect to renderer)
  (Session info: chrome=107.0.5304.88)
Build info: version: &apos;3.141.59&apos;, revision: &apos;e82be7d358&apos;, time: &apos;2018-11-14T08:17:03&apos;
System info: host: &apos;DESKTOP-9VJLSCD&apos;, ip: &apos;192.168.43.236&apos;, os.name: &apos;Windows 10&apos;, os.arch: &apos;amd64&apos;, os.version: &apos;10.0&apos;, java.version: &apos;17.0.3&apos;
Driver info: driver.version: ChromeDriver
remote stacktrace: Backtrace:
	Ordinal0 [0x0090ACD3+2075859]
	Ordinal0 [0x0089EE61+1633889]
	Ordinal0 [0x0079B7BD+571325]
	Ordinal0 [0x0078F289+520841]
	Ordinal0 [0x0078EEFB+519931]
	Ordinal0 [0x0078E2EB+516843]
	Ordinal0 [0x0078E231+516657]
	Ordinal0 [0x0078D0A3+512163]
	Ordinal0 [0x0078D5AD+513453]
	Ordinal0 [0x0078CCB5+511157]
	Ordinal0 [0x00797113+553235]
	Ordinal0 [0x0078CC65+511077]
	Ordinal0 [0x0078DEA6+515750]
	Ordinal0 [0x0078D0A3+512163]
	Ordinal0 [0x0078D5AD+513453]
	Ordinal0 [0x0078CCB5+511157]
	Ordinal0 [0x00794C48+543816]
	Ordinal0 [0x0078CC65+511077]
	Ordinal0 [0x0078DEA6+515750]
	Ordinal0 [0x0078D0A3+512163]
	Ordinal0 [0x0078D5AD+513453]
	Ordinal0 [0x0078CCB5+511157]
	Ordinal0 [0x00792862+534626]
	Ordinal0 [0x0078CC65+511077]
	Ordinal0 [0x0078DEA6+515750]
	Ordinal0 [0x0078D0A3+512163]
	Ordinal0 [0x0078D5AD+513453]
	Ordinal0 [0x0078CCB5+511157]
	Ordinal0 [0x00787F2D+491309]
	Ordinal0 [0x0078CC65+511077]
	Ordinal0 [0x0078C42D+508973]
	Ordinal0 [0x0078C11F+508191]
	Ordinal0 [0x0079CC53+576595]
	Ordinal0 [0x007820E7+467175]
	Ordinal0 [0x0078129B+463515]
	Ordinal0 [0x007EDD7C+908668]
	Ordinal0 [0x007ED6AA+906922]
	Ordinal0 [0x007E7136+880950]
	Ordinal0 [0x007BFEFD+720637]
	Ordinal0 [0x007C0F3F+724799]
	GetHandleVerifier [0x00BBEED2+2769538]
	GetHandleVerifier [0x00BB0D95+2711877]
	GetHandleVerifier [0x0099A03A+521194]
	GetHandleVerifier [0x00998DA0+516432]
	Ordinal0 [0x008A682C+1665068]
	Ordinal0 [0x008AB128+1683752]
	Ordinal0 [0x008AB215+1683989]
	Ordinal0 [0x008B6484+1729668]
	BaseThreadInitThunk [0x77B9FA29+25]
	RtlGetAppContainerNamedObjectPath [0x77D07BBE+286]
	RtlGetAppContainerNamedObjectPath [0x77D07B8E+238]

	at java.base/jdk.internal.reflect.NativeConstructorAccessorImpl.newInstance0(Native Method)
	at java.base/jdk.internal.reflect.NativeConstructorAccessorImpl.newInstance(NativeConstructorAccessorImpl.java:77)
	at java.base/jdk.internal.reflect.DelegatingConstructorAccessorImpl.newInstance(DelegatingConstructorAccessorImpl.java:45)
	at java.base/java.lang.reflect.Constructor.newInstanceWithCaller(Constructor.java:499)
	at java.base/java.lang.reflect.Constructor.newInstance(Constructor.java:480)
	at org.openqa.selenium.remote.W3CHandshakeResponse.lambda$errorHandler$0(W3CHandshakeResponse.java:62)
	at org.openqa.selenium.remote.HandshakeResponse.lambda$getResponseFunction$0(HandshakeResponse.java:30)
	at org.openqa.selenium.remote.ProtocolHandshake.lambda$createSession$0(ProtocolHandshake.java:126)
	at java.base/java.util.stream.ReferencePipeline$3$1.accept(ReferencePipeline.java:197)
	at java.base/java.util.Spliterators$ArraySpliterator.tryAdvance(Spliterators.java:1002)
	at java.base/java.util.stream.ReferencePipeline.forEachWithCancel(ReferencePipeline.java:129)
	at java.base/java.util.stream.AbstractPipeline.copyIntoWithCancel(AbstractPipeline.java:527)
	at java.base/java.util.stream.AbstractPipeline.copyInto(AbstractPipeline.java:513)
	at java.base/java.util.stream.AbstractPipeline.wrapAndCopyInto(AbstractPipeline.java:499)
	at java.base/java.util.stream.FindOps$FindOp.evaluateSequential(FindOps.java:150)
	at java.base/java.util.stream.AbstractPipeline.evaluate(AbstractPipeline.java:234)
	at java.base/java.util.stream.ReferencePipeline.findFirst(ReferencePipeline.java:647)
	at org.openqa.selenium.remote.ProtocolHandshake.createSession(ProtocolHandshake.java:128)
	at org.openqa.selenium.remote.ProtocolHandshake.createSession(ProtocolHandshake.java:74)
	at org.openqa.selenium.remote.HttpCommandExecutor.execute(HttpCommandExecutor.java:136)
	at org.openqa.selenium.remote.service.DriverCommandExecutor.execute(DriverCommandExecutor.java:83)
	at org.openqa.selenium.remote.RemoteWebDriver.execute(RemoteWebDriver.java:552)
	at org.openqa.selenium.remote.RemoteWebDriver.startSession(RemoteWebDriver.java:213)
	at org.openqa.selenium.remote.RemoteWebDriver.&lt;init&gt;(RemoteWebDriver.java:131)
	at org.openqa.selenium.chrome.ChromeDriver.&lt;init&gt;(ChromeDriver.java:181)
	at org.openqa.selenium.chrome.ChromeDriver.&lt;init&gt;(ChromeDriver.java:168)
	at org.openqa.selenium.chrome.ChromeDriver.&lt;init&gt;(ChromeDriver.java:123)
	at main.java.resources.Base.initializeDriver(Base.java:44)
	at com.testclasses.HomePageRediffTest.invokbrowser(HomePageRediffTest.java:25)
	at java.base/jdk.internal.reflect.NativeMethodAccessorImpl.invoke0(Native Method)
	at java.base/jdk.internal.reflect.NativeMethodAccessorImpl.invoke(NativeMethodAccessorImpl.java:77)
	at java.base/jdk.internal.reflect.DelegatingMethodAccessorImpl.invoke(DelegatingMethodAccessorImpl.java:43)
	at java.base/java.lang.reflect.Method.invoke(Method.java:568)
	at org.testng.internal.MethodInvocationHelper.invokeMethod(MethodInvocationHelper.java:124)
	at org.testng.internal.MethodInvocationHelper.invokeMethodConsideringTimeout(MethodInvocationHelper.java:59)
	at org.testng.internal.Invoker.invokeConfigurationMethod(Invoker.java:458)
	at org.testng.internal.Invoker.invokeConfigurations(Invoker.java:222)
	at org.testng.internal.Invoker.invokeConfigurations(Invoker.java:142)
	at org.testng.TestRunner.beforeRun(TestRunner.java:529)
	at org.testng.TestRunner.run(TestRunner.java:497)
	at org.testng.SuiteRunner.runTest(SuiteRunner.java:455)
	at org.testng.SuiteRunner.runSequentially(SuiteRunner.java:450)
	at org.testng.SuiteRunner.privateRun(SuiteRunner.java:415)
	at org.testng.SuiteRunner.run(SuiteRunner.java:364)
	at org.testng.SuiteRunnerWorker.runSuite(SuiteRunnerWorker.java:52)
	at org.testng.SuiteRunnerWorker.run(SuiteRunnerWorker.java:84)
	at org.testng.TestNG.runSuitesSequentially(TestNG.java:1208)
	at org.testng.TestNG.runSuitesLocally(TestNG.java:1137)
	at org.testng.TestNG.runSuites(TestNG.java:1049)
	at org.testng.TestNG.run(TestNG.java:1017)
	at org.testng.remote.AbstractRemoteTestNG.run(AbstractRemoteTestNG.java:115)
	at org.testng.remote.RemoteTestNG.initAndRun(RemoteTestNG.java:251)
	at org.testng.remote.RemoteTestNG.main(RemoteTestNG.java:77)
</pre></div><a href='#' onClick='toggleBox("stack-trace693345846", this, "Click to show all stack frames", "Click to hide stack frames")'>Click to show all stack frames</a>
<div class='stack-trace' id='stack-trace693345846'><pre>org.openqa.selenium.WebDriverException: disconnected: received Inspector.detached event
  (failed to check if window was closed: disconnected: unable to connect to renderer)
  (Session info: chrome=107.0.5304.88)
Build info: version: &apos;3.141.59&apos;, revision: &apos;e82be7d358&apos;, time: &apos;2018-11-14T08:17:03&apos;
System info: host: &apos;DESKTOP-9VJLSCD&apos;, ip: &apos;192.168.43.236&apos;, os.name: &apos;Windows 10&apos;, os.arch: &apos;amd64&apos;, os.version: &apos;10.0&apos;, java.version: &apos;17.0.3&apos;
Driver info: driver.version: ChromeDriver
remote stacktrace: Backtrace:
	Ordinal0 [0x0090ACD3+2075859]
	Ordinal0 [0x0089EE61+1633889]
	Ordinal0 [0x0079B7BD+571325]
	Ordinal0 [0x0078F289+520841]
	Ordinal0 [0x0078EEFB+519931]
	Ordinal0 [0x0078E2EB+516843]
	Ordinal0 [0x0078E231+516657]
	Ordinal0 [0x0078D0A3+512163]
	Ordinal0 [0x0078D5AD+513453]
	Ordinal0 [0x0078CCB5+511157]
	Ordinal0 [0x00797113+553235]
	Ordinal0 [0x0078CC65+511077]
	Ordinal0 [0x0078DEA6+515750]
	Ordinal0 [0x0078D0A3+512163]
	Ordinal0 [0x0078D5AD+513453]
	Ordinal0 [0x0078CCB5+511157]
	Ordinal0 [0x00794C48+543816]
	Ordinal0 [0x0078CC65+511077]
	Ordinal0 [0x0078DEA6+515750]
	Ordinal0 [0x0078D0A3+512163]
	Ordinal0 [0x0078D5AD+513453]
	Ordinal0 [0x0078CCB5+511157]
	Ordinal0 [0x00792862+534626]
	Ordinal0 [0x0078CC65+511077]
	Ordinal0 [0x0078DEA6+515750]
	Ordinal0 [0x0078D0A3+512163]
	Ordinal0 [0x0078D5AD+513453]
	Ordinal0 [0x0078CCB5+511157]
	Ordinal0 [0x00787F2D+491309]
	Ordinal0 [0x0078CC65+511077]
	Ordinal0 [0x0078C42D+508973]
	Ordinal0 [0x0078C11F+508191]
	Ordinal0 [0x0079CC53+576595]
	Ordinal0 [0x007820E7+467175]
	Ordinal0 [0x0078129B+463515]
	Ordinal0 [0x007EDD7C+908668]
	Ordinal0 [0x007ED6AA+906922]
	Ordinal0 [0x007E7136+880950]
	Ordinal0 [0x007BFEFD+720637]
	Ordinal0 [0x007C0F3F+724799]
	GetHandleVerifier [0x00BBEED2+2769538]
	GetHandleVerifier [0x00BB0D95+2711877]
	GetHandleVerifier [0x0099A03A+521194]
	GetHandleVerifier [0x00998DA0+516432]
	Ordinal0 [0x008A682C+1665068]
	Ordinal0 [0x008AB128+1683752]
	Ordinal0 [0x008AB215+1683989]
	Ordinal0 [0x008B6484+1729668]
	BaseThreadInitThunk [0x77B9FA29+25]
	RtlGetAppContainerNamedObjectPath [0x77D07BBE+286]
	RtlGetAppContainerNamedObjectPath [0x77D07B8E+238]

	at java.base/jdk.internal.reflect.NativeConstructorAccessorImpl.newInstance0(Native Method)
	at java.base/jdk.internal.reflect.NativeConstructorAccessorImpl.newInstance(NativeConstructorAccessorImpl.java:77)
	at java.base/jdk.internal.reflect.DelegatingConstructorAccessorImpl.newInstance(DelegatingConstructorAccessorImpl.java:45)
	at java.base/java.lang.reflect.Constructor.newInstanceWithCaller(Constructor.java:499)
	at java.base/java.lang.reflect.Constructor.newInstance(Constructor.java:480)
	at org.openqa.selenium.remote.W3CHandshakeResponse.lambda$errorHandler$0(W3CHandshakeResponse.java:62)
	at org.openqa.selenium.remote.HandshakeResponse.lambda$getResponseFunction$0(HandshakeResponse.java:30)
	at org.openqa.selenium.remote.ProtocolHandshake.lambda$createSession$0(ProtocolHandshake.java:126)
	at java.base/java.util.stream.ReferencePipeline$3$1.accept(ReferencePipeline.java:197)
	at java.base/java.util.Spliterators$ArraySpliterator.tryAdvance(Spliterators.java:1002)
	at java.base/java.util.stream.ReferencePipeline.forEachWithCancel(ReferencePipeline.java:129)
	at java.base/java.util.stream.AbstractPipeline.copyIntoWithCancel(AbstractPipeline.java:527)
	at java.base/java.util.stream.AbstractPipeline.copyInto(AbstractPipeline.java:513)
	at java.base/java.util.stream.AbstractPipeline.wrapAndCopyInto(AbstractPipeline.java:499)
	at java.base/java.util.stream.FindOps$FindOp.evaluateSequential(FindOps.java:150)
	at java.base/java.util.stream.AbstractPipeline.evaluate(AbstractPipeline.java:234)
	at java.base/java.util.stream.ReferencePipeline.findFirst(ReferencePipeline.java:647)
	at org.openqa.selenium.remote.ProtocolHandshake.createSession(ProtocolHandshake.java:128)
	at org.openqa.selenium.remote.ProtocolHandshake.createSession(ProtocolHandshake.java:74)
	at org.openqa.selenium.remote.HttpCommandExecutor.execute(HttpCommandExecutor.java:136)
	at org.openqa.selenium.remote.service.DriverCommandExecutor.execute(DriverCommandExecutor.java:83)
	at org.openqa.selenium.remote.RemoteWebDriver.execute(RemoteWebDriver.java:552)
	at org.openqa.selenium.remote.RemoteWebDriver.startSession(RemoteWebDriver.java:213)
	at org.openqa.selenium.remote.RemoteWebDriver.&lt;init&gt;(RemoteWebDriver.java:131)
	at org.openqa.selenium.chrome.ChromeDriver.&lt;init&gt;(ChromeDriver.java:181)
	at org.openqa.selenium.chrome.ChromeDriver.&lt;init&gt;(ChromeDriver.java:168)
	at org.openqa.selenium.chrome.ChromeDriver.&lt;init&gt;(ChromeDriver.java:123)
	at main.java.resources.Base.initializeDriver(Base.java:44)
	at com.testclasses.HomePageRediffTest.invokbrowser(HomePageRediffTest.java:25)
	at java.base/jdk.internal.reflect.NativeMethodAccessorImpl.invoke0(Native Method)
	at java.base/jdk.internal.reflect.NativeMethodAccessorImpl.invoke(NativeMethodAccessorImpl.java:77)
	at java.base/jdk.internal.reflect.DelegatingMethodAccessorImpl.invoke(DelegatingMethodAccessorImpl.java:43)
	at java.base/java.lang.reflect.Method.invoke(Method.java:568)
	at org.testng.internal.MethodInvocationHelper.invokeMethod(MethodInvocationHelper.java:124)
	at org.testng.internal.MethodInvocationHelper.invokeMethodConsideringTimeout(MethodInvocationHelper.java:59)
	at org.testng.internal.Invoker.invokeConfigurationMethod(Invoker.java:458)
	at org.testng.internal.Invoker.invokeConfigurations(Invoker.java:222)
	at org.testng.internal.Invoker.invokeConfigurations(Invoker.java:142)
	at org.testng.TestRunner.beforeRun(TestRunner.java:529)
	at org.testng.TestRunner.run(TestRunner.java:497)
	at org.testng.SuiteRunner.runTest(SuiteRunner.java:455)
	at org.testng.SuiteRunner.runSequentially(SuiteRunner.java:450)
	at org.testng.SuiteRunner.privateRun(SuiteRunner.java:415)
	at org.testng.SuiteRunner.run(SuiteRunner.java:364)
	at org.testng.SuiteRunnerWorker.runSuite(SuiteRunnerWorker.java:52)
	at org.testng.SuiteRunnerWorker.run(SuiteRunnerWorker.java:84)
	at org.testng.TestNG.runSuitesSequentially(TestNG.java:1208)
	at org.testng.TestNG.runSuitesLocally(TestNG.java:1137)
	at org.testng.TestNG.runSuites(TestNG.java:1049)
	at org.testng.TestNG.run(TestNG.java:1017)
	at org.testng.remote.AbstractRemoteTestNG.run(AbstractRemoteTestNG.java:115)
	at org.testng.remote.RemoteTestNG.initAndRun(RemoteTestNG.java:251)
	at org.testng.remote.RemoteTestNG.main(RemoteTestNG.java:77)
</pre></div></td>
<td>21</td>
<td>com.testclasses.HomePageRediffTest@3e74829</td></tr>
</table><p>
<table width='100%' border='1' class='invocation-skipped'>
<tr><td colspan='4' align='center'><b>SKIPPED CONFIGURATIONS</b></td></tr>
<tr><td><b>Test method</b></td>
<td width="30%"><b>Exception</b></td>
<td width="10%"><b>Time (seconds)</b></td>
<td><b>Instance</b></td>
</tr>
<tr>
<td title='com.testclasses.HomePageRediffTest.tearDown()'><b>tearDown</b><br>Test class: com.testclasses.HomePageRediffTest</td>
<td></td>
<td>0</td>
<td>com.testclasses.HomePageRediffTest@3e74829</td></tr>
</table><p>
<table width='100%' border='1' class='invocation-skipped'>
<tr><td colspan='4' align='center'><b>SKIPPED TESTS</b></td></tr>
<tr><td><b>Test method</b></td>
<td width="30%"><b>Exception</b></td>
<td width="10%"><b>Time (seconds)</b></td>
<td><b>Instance</b></td>
</tr>
<tr>
<td title='com.testclasses.HomePageRediffTest.logIn()'><b>logIn</b><br>Test class: com.testclasses.HomePageRediffTest</td>
<td><div><pre>org.openqa.selenium.WebDriverException: disconnected: received Inspector.detached event
  (failed to check if window was closed: disconnected: unable to connect to renderer)
  (Session info: chrome=107.0.5304.88)
Build info: version: &apos;3.141.59&apos;, revision: &apos;e82be7d358&apos;, time: &apos;2018-11-14T08:17:03&apos;
System info: host: &apos;DESKTOP-9VJLSCD&apos;, ip: &apos;192.168.43.236&apos;, os.name: &apos;Windows 10&apos;, os.arch: &apos;amd64&apos;, os.version: &apos;10.0&apos;, java.version: &apos;17.0.3&apos;
Driver info: driver.version: ChromeDriver
remote stacktrace: Backtrace:
	Ordinal0 [0x0090ACD3+2075859]
	Ordinal0 [0x0089EE61+1633889]
	Ordinal0 [0x0079B7BD+571325]
	Ordinal0 [0x0078F289+520841]
	Ordinal0 [0x0078EEFB+519931]
	Ordinal0 [0x0078E2EB+516843]
	Ordinal0 [0x0078E231+516657]
	Ordinal0 [0x0078D0A3+512163]
	Ordinal0 [0x0078D5AD+513453]
	Ordinal0 [0x0078CCB5+511157]
	Ordinal0 [0x00797113+553235]
	Ordinal0 [0x0078CC65+511077]
	Ordinal0 [0x0078DEA6+515750]
	Ordinal0 [0x0078D0A3+512163]
	Ordinal0 [0x0078D5AD+513453]
	Ordinal0 [0x0078CCB5+511157]
	Ordinal0 [0x00794C48+543816]
	Ordinal0 [0x0078CC65+511077]
	Ordinal0 [0x0078DEA6+515750]
	Ordinal0 [0x0078D0A3+512163]
	Ordinal0 [0x0078D5AD+513453]
	Ordinal0 [0x0078CCB5+511157]
	Ordinal0 [0x00792862+534626]
	Ordinal0 [0x0078CC65+511077]
	Ordinal0 [0x0078DEA6+515750]
	Ordinal0 [0x0078D0A3+512163]
	Ordinal0 [0x0078D5AD+513453]
	Ordinal0 [0x0078CCB5+511157]
	Ordinal0 [0x00787F2D+491309]
	Ordinal0 [0x0078CC65+511077]
	Ordinal0 [0x0078C42D+508973]
	Ordinal0 [0x0078C11F+508191]
	Ordinal0 [0x0079CC53+576595]
	Ordinal0 [0x007820E7+467175]
	Ordinal0 [0x0078129B+463515]
	Ordinal0 [0x007EDD7C+908668]
	Ordinal0 [0x007ED6AA+906922]
	Ordinal0 [0x007E7136+880950]
	Ordinal0 [0x007BFEFD+720637]
	Ordinal0 [0x007C0F3F+724799]
	GetHandleVerifier [0x00BBEED2+2769538]
	GetHandleVerifier [0x00BB0D95+2711877]
	GetHandleVerifier [0x0099A03A+521194]
	GetHandleVerifier [0x00998DA0+516432]
	Ordinal0 [0x008A682C+1665068]
	Ordinal0 [0x008AB128+1683752]
	Ordinal0 [0x008AB215+1683989]
	Ordinal0 [0x008B6484+1729668]
	BaseThreadInitThunk [0x77B9FA29+25]
	RtlGetAppContainerNamedObjectPath [0x77D07BBE+286]
	RtlGetAppContainerNamedObjectPath [0x77D07B8E+238]

	at java.base/jdk.internal.reflect.NativeConstructorAccessorImpl.newInstance0(Native Method)
	at java.base/jdk.internal.reflect.NativeConstructorAccessorImpl.newInstance(NativeConstructorAccessorImpl.java:77)
	at java.base/jdk.internal.reflect.DelegatingConstructorAccessorImpl.newInstance(DelegatingConstructorAccessorImpl.java:45)
	at java.base/java.lang.reflect.Constructor.newInstanceWithCaller(Constructor.java:499)
	at java.base/java.lang.reflect.Constructor.newInstance(Constructor.java:480)
	at org.openqa.selenium.remote.W3CHandshakeResponse.lambda$errorHandler$0(W3CHandshakeResponse.java:62)
	at org.openqa.selenium.remote.HandshakeResponse.lambda$getResponseFunction$0(HandshakeResponse.java:30)
	at org.openqa.selenium.remote.ProtocolHandshake.lambda$createSession$0(ProtocolHandshake.java:126)
	at java.base/java.util.stream.ReferencePipeline$3$1.accept(ReferencePipeline.java:197)
	at java.base/java.util.Spliterators$ArraySpliterator.tryAdvance(Spliterators.java:1002)
	at java.base/java.util.stream.ReferencePipeline.forEachWithCancel(ReferencePipeline.java:129)
	at java.base/java.util.stream.AbstractPipeline.copyIntoWithCancel(AbstractPipeline.java:527)
	at java.base/java.util.stream.AbstractPipeline.copyInto(AbstractPipeline.java:513)
	at java.base/java.util.stream.AbstractPipeline.wrapAndCopyInto(AbstractPipeline.java:499)
	at java.base/java.util.stream.FindOps$FindOp.evaluateSequential(FindOps.java:150)
	at java.base/java.util.stream.AbstractPipeline.evaluate(AbstractPipeline.java:234)
	at java.base/java.util.stream.ReferencePipeline.findFirst(ReferencePipeline.java:647)
	at org.openqa.selenium.remote.ProtocolHandshake.createSession(ProtocolHandshake.java:128)
	at org.openqa.selenium.remote.ProtocolHandshake.createSession(ProtocolHandshake.java:74)
	at org.openqa.selenium.remote.HttpCommandExecutor.execute(HttpCommandExecutor.java:136)
	at org.openqa.selenium.remote.service.DriverCommandExecutor.execute(DriverCommandExecutor.java:83)
	at org.openqa.selenium.remote.RemoteWebDriver.execute(RemoteWebDriver.java:552)
	at org.openqa.selenium.remote.RemoteWebDriver.startSession(RemoteWebDriver.java:213)
	at org.openqa.selenium.remote.RemoteWebDriver.&lt;init&gt;(RemoteWebDriver.java:131)
	at org.openqa.selenium.chrome.ChromeDriver.&lt;init&gt;(ChromeDriver.java:181)
	at org.openqa.selenium.chrome.ChromeDriver.&lt;init&gt;(ChromeDriver.java:168)
	at org.openqa.selenium.chrome.ChromeDriver.&lt;init&gt;(ChromeDriver.java:123)
	at main.java.resources.Base.initializeDriver(Base.java:44)
	at com.testclasses.HomePageRediffTest.invokbrowser(HomePageRediffTest.java:25)
	at java.base/jdk.internal.reflect.NativeMethodAccessorImpl.invoke0(Native Method)
	at java.base/jdk.internal.reflect.NativeMethodAccessorImpl.invoke(NativeMethodAccessorImpl.java:77)
	at java.base/jdk.internal.reflect.DelegatingMethodAccessorImpl.invoke(DelegatingMethodAccessorImpl.java:43)
	at java.base/java.lang.reflect.Method.invoke(Method.java:568)
	at org.testng.internal.MethodInvocationHelper.invokeMethod(MethodInvocationHelper.java:124)
	at org.testng.internal.MethodInvocationHelper.invokeMethodConsideringTimeout(MethodInvocationHelper.java:59)
	at org.testng.internal.Invoker.invokeConfigurationMethod(Invoker.java:458)
	at org.testng.internal.Invoker.invokeConfigurations(Invoker.java:222)
	at org.testng.internal.Invoker.invokeConfigurations(Invoker.java:142)
	at org.testng.TestRunner.beforeRun(TestRunner.java:529)
	at org.testng.TestRunner.run(TestRunner.java:497)
	at org.testng.SuiteRunner.runTest(SuiteRunner.java:455)
	at org.testng.SuiteRunner.runSequentially(SuiteRunner.java:450)
	at org.testng.SuiteRunner.privateRun(SuiteRunner.java:415)
	at org.testng.SuiteRunner.run(SuiteRunner.java:364)
	at org.testng.SuiteRunnerWorker.runSuite(SuiteRunnerWorker.java:52)
	at org.testng.SuiteRunnerWorker.run(SuiteRunnerWorker.java:84)
	at org.testng.TestNG.runSuitesSequentially(TestNG.java:1208)
	at org.testng.TestNG.runSuitesLocally(TestNG.java:1137)
	at org.testng.TestNG.runSuites(TestNG.java:1049)
	at org.testng.TestNG.run(TestNG.java:1017)
	at org.testng.remote.AbstractRemoteTestNG.run(AbstractRemoteTestNG.java:115)
	at org.testng.remote.RemoteTestNG.initAndRun(RemoteTestNG.java:251)
	at org.testng.remote.RemoteTestNG.main(RemoteTestNG.java:77)
</pre></div><a href='#' onClick='toggleBox("stack-trace317960117", this, "Click to show all stack frames", "Click to hide stack frames")'>Click to show all stack frames</a>
<div class='stack-trace' id='stack-trace317960117'><pre>org.openqa.selenium.WebDriverException: disconnected: received Inspector.detached event
  (failed to check if window was closed: disconnected: unable to connect to renderer)
  (Session info: chrome=107.0.5304.88)
Build info: version: &apos;3.141.59&apos;, revision: &apos;e82be7d358&apos;, time: &apos;2018-11-14T08:17:03&apos;
System info: host: &apos;DESKTOP-9VJLSCD&apos;, ip: &apos;192.168.43.236&apos;, os.name: &apos;Windows 10&apos;, os.arch: &apos;amd64&apos;, os.version: &apos;10.0&apos;, java.version: &apos;17.0.3&apos;
Driver info: driver.version: ChromeDriver
remote stacktrace: Backtrace:
	Ordinal0 [0x0090ACD3+2075859]
	Ordinal0 [0x0089EE61+1633889]
	Ordinal0 [0x0079B7BD+571325]
	Ordinal0 [0x0078F289+520841]
	Ordinal0 [0x0078EEFB+519931]
	Ordinal0 [0x0078E2EB+516843]
	Ordinal0 [0x0078E231+516657]
	Ordinal0 [0x0078D0A3+512163]
	Ordinal0 [0x0078D5AD+513453]
	Ordinal0 [0x0078CCB5+511157]
	Ordinal0 [0x00797113+553235]
	Ordinal0 [0x0078CC65+511077]
	Ordinal0 [0x0078DEA6+515750]
	Ordinal0 [0x0078D0A3+512163]
	Ordinal0 [0x0078D5AD+513453]
	Ordinal0 [0x0078CCB5+511157]
	Ordinal0 [0x00794C48+543816]
	Ordinal0 [0x0078CC65+511077]
	Ordinal0 [0x0078DEA6+515750]
	Ordinal0 [0x0078D0A3+512163]
	Ordinal0 [0x0078D5AD+513453]
	Ordinal0 [0x0078CCB5+511157]
	Ordinal0 [0x00792862+534626]
	Ordinal0 [0x0078CC65+511077]
	Ordinal0 [0x0078DEA6+515750]
	Ordinal0 [0x0078D0A3+512163]
	Ordinal0 [0x0078D5AD+513453]
	Ordinal0 [0x0078CCB5+511157]
	Ordinal0 [0x00787F2D+491309]
	Ordinal0 [0x0078CC65+511077]
	Ordinal0 [0x0078C42D+508973]
	Ordinal0 [0x0078C11F+508191]
	Ordinal0 [0x0079CC53+576595]
	Ordinal0 [0x007820E7+467175]
	Ordinal0 [0x0078129B+463515]
	Ordinal0 [0x007EDD7C+908668]
	Ordinal0 [0x007ED6AA+906922]
	Ordinal0 [0x007E7136+880950]
	Ordinal0 [0x007BFEFD+720637]
	Ordinal0 [0x007C0F3F+724799]
	GetHandleVerifier [0x00BBEED2+2769538]
	GetHandleVerifier [0x00BB0D95+2711877]
	GetHandleVerifier [0x0099A03A+521194]
	GetHandleVerifier [0x00998DA0+516432]
	Ordinal0 [0x008A682C+1665068]
	Ordinal0 [0x008AB128+1683752]
	Ordinal0 [0x008AB215+1683989]
	Ordinal0 [0x008B6484+1729668]
	BaseThreadInitThunk [0x77B9FA29+25]
	RtlGetAppContainerNamedObjectPath [0x77D07BBE+286]
	RtlGetAppContainerNamedObjectPath [0x77D07B8E+238]

	at java.base/jdk.internal.reflect.NativeConstructorAccessorImpl.newInstance0(Native Method)
	at java.base/jdk.internal.reflect.NativeConstructorAccessorImpl.newInstance(NativeConstructorAccessorImpl.java:77)
	at java.base/jdk.internal.reflect.DelegatingConstructorAccessorImpl.newInstance(DelegatingConstructorAccessorImpl.java:45)
	at java.base/java.lang.reflect.Constructor.newInstanceWithCaller(Constructor.java:499)
	at java.base/java.lang.reflect.Constructor.newInstance(Constructor.java:480)
	at org.openqa.selenium.remote.W3CHandshakeResponse.lambda$errorHandler$0(W3CHandshakeResponse.java:62)
	at org.openqa.selenium.remote.HandshakeResponse.lambda$getResponseFunction$0(HandshakeResponse.java:30)
	at org.openqa.selenium.remote.ProtocolHandshake.lambda$createSession$0(ProtocolHandshake.java:126)
	at java.base/java.util.stream.ReferencePipeline$3$1.accept(ReferencePipeline.java:197)
	at java.base/java.util.Spliterators$ArraySpliterator.tryAdvance(Spliterators.java:1002)
	at java.base/java.util.stream.ReferencePipeline.forEachWithCancel(ReferencePipeline.java:129)
	at java.base/java.util.stream.AbstractPipeline.copyIntoWithCancel(AbstractPipeline.java:527)
	at java.base/java.util.stream.AbstractPipeline.copyInto(AbstractPipeline.java:513)
	at java.base/java.util.stream.AbstractPipeline.wrapAndCopyInto(AbstractPipeline.java:499)
	at java.base/java.util.stream.FindOps$FindOp.evaluateSequential(FindOps.java:150)
	at java.base/java.util.stream.AbstractPipeline.evaluate(AbstractPipeline.java:234)
	at java.base/java.util.stream.ReferencePipeline.findFirst(ReferencePipeline.java:647)
	at org.openqa.selenium.remote.ProtocolHandshake.createSession(ProtocolHandshake.java:128)
	at org.openqa.selenium.remote.ProtocolHandshake.createSession(ProtocolHandshake.java:74)
	at org.openqa.selenium.remote.HttpCommandExecutor.execute(HttpCommandExecutor.java:136)
	at org.openqa.selenium.remote.service.DriverCommandExecutor.execute(DriverCommandExecutor.java:83)
	at org.openqa.selenium.remote.RemoteWebDriver.execute(RemoteWebDriver.java:552)
	at org.openqa.selenium.remote.RemoteWebDriver.startSession(RemoteWebDriver.java:213)
	at org.openqa.selenium.remote.RemoteWebDriver.&lt;init&gt;(RemoteWebDriver.java:131)
	at org.openqa.selenium.chrome.ChromeDriver.&lt;init&gt;(ChromeDriver.java:181)
	at org.openqa.selenium.chrome.ChromeDriver.&lt;init&gt;(ChromeDriver.java:168)
	at org.openqa.selenium.chrome.ChromeDriver.&lt;init&gt;(ChromeDriver.java:123)
	at main.java.resources.Base.initializeDriver(Base.java:44)
	at com.testclasses.HomePageRediffTest.invokbrowser(HomePageRediffTest.java:25)
	at java.base/jdk.internal.reflect.NativeMethodAccessorImpl.invoke0(Native Method)
	at java.base/jdk.internal.reflect.NativeMethodAccessorImpl.invoke(NativeMethodAccessorImpl.java:77)
	at java.base/jdk.internal.reflect.DelegatingMethodAccessorImpl.invoke(DelegatingMethodAccessorImpl.java:43)
	at java.base/java.lang.reflect.Method.invoke(Method.java:568)
	at org.testng.internal.MethodInvocationHelper.invokeMethod(MethodInvocationHelper.java:124)
	at org.testng.internal.MethodInvocationHelper.invokeMethodConsideringTimeout(MethodInvocationHelper.java:59)
	at org.testng.internal.Invoker.invokeConfigurationMethod(Invoker.java:458)
	at org.testng.internal.Invoker.invokeConfigurations(Invoker.java:222)
	at org.testng.internal.Invoker.invokeConfigurations(Invoker.java:142)
	at org.testng.TestRunner.beforeRun(TestRunner.java:529)
	at org.testng.TestRunner.run(TestRunner.java:497)
	at org.testng.SuiteRunner.runTest(SuiteRunner.java:455)
	at org.testng.SuiteRunner.runSequentially(SuiteRunner.java:450)
	at org.testng.SuiteRunner.privateRun(SuiteRunner.java:415)
	at org.testng.SuiteRunner.run(SuiteRunner.java:364)
	at org.testng.SuiteRunnerWorker.runSuite(SuiteRunnerWorker.java:52)
	at org.testng.SuiteRunnerWorker.run(SuiteRunnerWorker.java:84)
	at org.testng.TestNG.runSuitesSequentially(TestNG.java:1208)
	at org.testng.TestNG.runSuitesLocally(TestNG.java:1137)
	at org.testng.TestNG.runSuites(TestNG.java:1049)
	at org.testng.TestNG.run(TestNG.java:1017)
	at org.testng.remote.AbstractRemoteTestNG.run(AbstractRemoteTestNG.java:115)
	at org.testng.remote.RemoteTestNG.initAndRun(RemoteTestNG.java:251)
	at org.testng.remote.RemoteTestNG.main(RemoteTestNG.java:77)
</pre></div></td>
<td>0</td>
<td>com.testclasses.HomePageRediffTest@3e74829</td></tr>
</table><p>
</body>
</html>